<?xml version="1.0" encoding="UTF-8"?>
<!-- Generated by org.testng.reporters.JUnitReportReporter -->
<testsuite hostname="LAPTOP-N34GTUSU" failures="0" tests="1" name="com.SastaSundar.TestScripts.OrderMedicine_DeleteFromCartTest" time="16.202" errors="0" timestamp="16 Jun 2020 11:54:25 GMT" skipped="0">
  <testcase classname="com.SastaSundar.TestScripts.OrderMedicine_DeleteFromCartTest" name="deleteMedicineFromCartTest" time="16.202"/>
</testsuite> <!-- com.SastaSundar.TestScripts.OrderMedicine_DeleteFromCartTest -->
