<?xml version="1.0" encoding="UTF-8"?>
<!-- Generated by org.testng.reporters.JUnitReportReporter -->
<testsuite hostname="LAPTOP-N34GTUSU" failures="0" tests="1" name="com.SastaSundar.TestScripts.OrderMedicine_AddToCartTest" time="10.160" errors="0" timestamp="16 Jun 2020 12:35:32 GMT" skipped="0">
  <testcase classname="com.SastaSundar.TestScripts.OrderMedicine_AddToCartTest" name="addToCartMedicineTest" time="10.160"/>
</testsuite> <!-- com.SastaSundar.TestScripts.OrderMedicine_AddToCartTest -->
